Arguments: 
  /usr/bin/node /usr/bin/yarn global dir

PATH: 
  /home/erik/.gem/ruby/2.7.0/bin:/usr/local/bin:/usr/bin:/bin:/usr/local/sbin:/usr/bin/site_perl:/usr/bin/vendor_perl:/usr/bin/core_perl:/var/lib/snapd/snap/bin

Yarn version: 
  1.22.1

Node version: 
  13.9.0

Platform: 
  linux x64

Trace: 
  SyntaxError: /home/erik/projects/lassybug-ui/packages/storybook/package.json: Unexpected string in JSON at position 191
      at JSON.parse (<anonymous>)
      at /usr/lib/node_modules/yarn/lib/cli.js:1625:59
      at Generator.next (<anonymous>)
      at step (/usr/lib/node_modules/yarn/lib/cli.js:310:30)
      at /usr/lib/node_modules/yarn/lib/cli.js:321:13

npm manifest: 
  {
    "name": "@lassiebug/storybook",
    "version": "1.0.0",
    "description": "",
    "main": "index.js",
    "scripts": {
      "test": "echo \"Error: no test specified\" && exit 1",
      "storybook" "start-storybook"
    },
    "author": "",
    "license": "ISC",
    "devDependencies": {
      "@babel/core": "^7.8.7",
      "@storybook/react": "^5.3.14",
      "babel-loader": "^8.0.6"
    }
  }

yarn manifest: 
  No manifest

Lockfile: 
  No lockfile
